<mule xmlns="http://www.mulesoft.org/schema/mule/core"
      xmlns:xsi="http://www.w3.org/2001/XMLSchema-instance"
      xmlns:csvfilesplit="http://www.mulesoft.org/schema/mule/csvfilesplit"
      xsi:schemaLocation="http://www.mulesoft.org/schema/mule/core http://www.mulesoft.org/schema/mule/core/current/mule.xsd
          http://www.mulesoft.org/schema/mule/csvfilesplit http://www.mulesoft.org/schema/mule/csvfilesplit/current/mule-csvfilesplit.xsd">

    <csvfilesplit:config name="config" configId="configId">
        <csvfilesplit:connection requiredParameter="aValue" />
    </csvfilesplit:config>

    <flow name="sayHiFlow">
        <csvfilesplit:say-hi person="Mariano Gonzalez"/>
    </flow>

    <flow name="retrieveInfoFlow">
        <csvfilesplit:retrieve-info config-ref="config"/>
    </flow>

</mule>
